c:\users\david\downloads\mcg_gfx_framework_v1\mcg_gfx_framework\release\vc142.pdb
c:\users\david\downloads\mcg_gfx_framework_v1\mcg_gfx_framework\release\tracer.obj
c:\users\david\downloads\mcg_gfx_framework_v1\mcg_gfx_framework\release\sphere.obj
c:\users\david\downloads\mcg_gfx_framework_v1\mcg_gfx_framework\release\mcg_gfx_lib.obj
c:\users\david\downloads\mcg_gfx_framework_v1\mcg_gfx_framework\release\main.obj
c:\users\david\downloads\mcg_gfx_framework_v1\mcg_gfx_framework\release\camera.obj
c:\users\david\downloads\mcg_gfx_framework_v1\mcg_gfx_framework\release\light.obj
c:\users\david\downloads\mcg_gfx_framework_v1\mcg_gfx_framework\release\threadpool.obj
c:\users\david\downloads\mcg_gfx_framework_v1\mcg_gfx_framework\release\vertexbuffer.obj
c:\users\david\downloads\mcg_gfx_framework_v1\mcg_gfx_framework\release\vertexarray.obj
c:\users\david\downloads\mcg_gfx_framework_v1\release\mcg_gfx_framework.exe
c:\users\david\downloads\mcg_gfx_framework_v1\release\mcg_gfx_framework.pdb
c:\users\david\downloads\mcg_gfx_framework_v1\release\mcg_gfx_framework.ipdb
c:\users\david\downloads\mcg_gfx_framework_v1\release\mcg_gfx_framework.iobj
c:\users\david\downloads\mcg_gfx_framework_v1\mcg_gfx_framework\release\mcg_gfx_.edae6090.tlog\cl.command.1.tlog
c:\users\david\downloads\mcg_gfx_framework_v1\mcg_gfx_framework\release\mcg_gfx_.edae6090.tlog\cl.read.1.tlog
c:\users\david\downloads\mcg_gfx_framework_v1\mcg_gfx_framework\release\mcg_gfx_.edae6090.tlog\cl.write.1.tlog
c:\users\david\downloads\mcg_gfx_framework_v1\mcg_gfx_framework\release\mcg_gfx_.edae6090.tlog\link.command.1.tlog
c:\users\david\downloads\mcg_gfx_framework_v1\mcg_gfx_framework\release\mcg_gfx_.edae6090.tlog\link.read.1.tlog
c:\users\david\downloads\mcg_gfx_framework_v1\mcg_gfx_framework\release\mcg_gfx_.edae6090.tlog\link.write.1.tlog
c:\users\david\downloads\mcg_gfx_framework_v1\mcg_gfx_framework\release\mcg_gfx_.edae6090.tlog\mcg_gfx_framework.write.1u.tlog
